{
  "stats": {
    "suites": 1,
    "tests": 2,
    "passes": 2,
    "pending": 0,
    "failures": 0,
    "start": "2024-01-24T02:57:20.041Z",
    "end": "2024-01-24T02:58:03.433Z",
    "duration": 43392,
    "testsRegistered": 2,
    "passPercent": 100,
    "pendingPercent": 0,
    "other": 0,
    "hasOther": false,
    "skipped": 0,
    "hasSkipped": false
  },
  "results": [
    {
      "uuid": "14ed905b-c2cb-4b6f-bb62-4fec748bc139",
      "title": "",
      "fullFile": "cypress/integration/cadastro.spec.js",
      "file": "cypress/integration/cadastro.spec.js",
      "beforeHooks": [],
      "afterHooks": [],
      "tests": [],
      "suites": [
        {
          "uuid": "5b116a70-d621-442f-b170-55a0049050bd",
          "title": "Cadastro",
          "fullFile": "",
          "file": "",
          "beforeHooks": [],
          "afterHooks": [],
          "tests": [
            {
              "title": "Quando informar os dados e finalizar, então o cadastro deve ser efetuado",
              "fullTitle": "Cadastro Quando informar os dados e finalizar, então o cadastro deve ser efetuado",
              "timedOut": null,
              "duration": 30104,
              "state": "passed",
              "speed": "slow",
              "pass": true,
              "fail": false,
              "pending": false,
              "context": null,
              "code": "cy.intercept({\n  method: 'POST',\n  url: 'https://marketplace-api-develop.tendaatacado.com.br/api/public/client/v2/pre-registration'\n}, {\n  statusCode: 201,\n  fixture: 'cadastro-com-sucesso'\n}).as('preUsers');\ncy.intercept({\n  method: 'PATCH',\n  url: 'https://marketplace-api-develop.tendaatacado.com.br/api/public/client/v2/access-code/'\n}, {\n  statusCode: 200,\n  body: {\n    \"valid\": true\n  }\n}).as('pathUsers');\ncy.visit('/');\ncy.get('button.userPrincipalText').click();\ncy.contains('span', 'Criar conta').click();\ncy.url().should('contain', 'cadastro');\ncy.get('input[value=juridica]').check();\ncy.get('input#nome').type('Frederico Pizzaro');\ncy.get('input[name=cnpj]').clear().type('43256399000189');\ncy.get('input#email').type('fredericopizzaro7@gmail.com');\ncy.get('input[name=cellphone]').clear().type('9999555-5555');\ncy.get('input#password').type('882013Cm@');\ncy.get('input#password2').type('882013Cm@');\ncy.get('input#optIn').check();\ncy.get('div.btn-create-account').click();\ncy.contains('Continuar').should('be.visible');\ncy.get('input#code').type('99O6CE');\ncy.contains('button', 'Continuar').click();\ncy.contains('Cadastro').should('be.visible');",
              "err": {},
              "uuid": "6064ec09-e9e7-4eaa-bcd4-12105d854af0",
              "parentUUID": "5b116a70-d621-442f-b170-55a0049050bd",
              "isHook": false,
              "skipped": false
            },
            {
              "title": "Quando informar os dados com um usuário já existente, então o cadastro não deve ser concluído",
              "fullTitle": "Cadastro Quando informar os dados com um usuário já existente, então o cadastro não deve ser concluído",
              "timedOut": null,
              "duration": 13144,
              "state": "passed",
              "speed": "slow",
              "pass": true,
              "fail": false,
              "pending": false,
              "context": null,
              "code": "cy.intercept({\n  method: 'POST',\n  url: 'https://marketplace-api-develop.tendaatacado.com.br/api/public/client/v2/pre-registration'\n}, {\n  statusCode: 409,\n  fixture: 'cadastro-usuario-existente'\n}).as('preUsers');\ncy.visit('/');\ncy.get('button.userPrincipalText').click();\ncy.contains('span', 'Criar conta').click();\ncy.url().should('contain', 'cadastro');\ncy.get('input[value=juridica]').check();\ncy.get('input#nome').type('Frederico Pizzaro');\ncy.get('input[name=cnpj]').type('43256399000189');\ncy.get('input#email').type('fredericopizzaro7@gmail.com');\ncy.get('input[name=cellphone]').clear().type('9999555-5555');\ncy.get('input#password').type('882013Cm@');\ncy.get('input#password2').type('882013Cm@');\ncy.get('input#optIn').check();\ncy.get('div.btn-create-account').click();\ncy.contains('Recuperar senha').should('be.visible');",
              "err": {},
              "uuid": "497ff7d7-15b1-4ea6-9c94-8b48675536c6",
              "parentUUID": "5b116a70-d621-442f-b170-55a0049050bd",
              "isHook": false,
              "skipped": false
            }
          ],
          "suites": [],
          "passes": [
            "6064ec09-e9e7-4eaa-bcd4-12105d854af0",
            "497ff7d7-15b1-4ea6-9c94-8b48675536c6"
          ],
          "failures": [],
          "pending": [],
          "skipped": [],
          "duration": 43248,
          "root": false,
          "rootEmpty": false,
          "_timeout": 2000
        }
      ],
      "passes": [],
      "failures": [],
      "pending": [],
      "skipped": [],
      "duration": 0,
      "root": true,
      "rootEmpty": true,
      "_timeout": 2000
    }
  ],
  "meta": {
    "mocha": {
      "version": "7.0.1"
    },
    "mochawesome": {
      "options": {
        "quiet": true,
        "reportFilename": "mochawesome",
        "saveHtml": true,
        "saveJson": true,
        "consoleReporter": "spec",
        "useInlineDiffs": false,
        "code": true
      },
      "version": "7.1.3"
    },
    "marge": {
      "options": {
        "id": "default",
        "reportDir": "mochawesome-report",
        "quiet": true,
        "overwrite": false,
        "hmtl": false,
        "json": true
      },
      "version": "6.2.0"
    }
  }
}