{
  "stats": {
    "suites": 1,
    "tests": 2,
    "passes": 1,
    "pending": 0,
    "failures": 1,
    "start": "2024-01-24T03:29:33.848Z",
    "end": "2024-01-24T03:30:06.552Z",
    "duration": 32704,
    "testsRegistered": 2,
    "passPercent": 50,
    "pendingPercent": 0,
    "other": 0,
    "hasOther": false,
    "skipped": 0,
    "hasSkipped": false
  },
  "results": [
    {
      "uuid": "4d3a2abc-45fe-4f4f-8ecb-b419e813940f",
      "title": "",
      "fullFile": "cypress/integration/cadastro.spec.js",
      "file": "cypress/integration/cadastro.spec.js",
      "beforeHooks": [],
      "afterHooks": [],
      "tests": [],
      "suites": [
        {
          "uuid": "887df0a7-0b2b-48bd-a2b5-b5a09f6c9fd7",
          "title": "Cadastro",
          "fullFile": "",
          "file": "",
          "beforeHooks": [],
          "afterHooks": [],
          "tests": [
            {
              "title": "Quando informar os dados e finalizar, então o cadastro deve ser efetuado",
              "fullTitle": "Cadastro Quando informar os dados e finalizar, então o cadastro deve ser efetuado",
              "timedOut": null,
              "duration": 19597,
              "state": "failed",
              "speed": null,
              "pass": false,
              "fail": true,
              "pending": false,
              "context": null,
              "code": "cy.intercept({\n  method: 'POST',\n  url: 'https://marketplace-api-develop.tendaatacado.com.br/api/public/client/v2/pre-registration'\n}, {\n  statusCode: 201,\n  fixture: 'cadastro-com-sucesso'\n}).as('preUsers');\ncy.intercept({\n  method: 'PATCH',\n  url: 'https://marketplace-api-develop.tendaatacado.com.br/api/public/client/v2/access-code/'\n}, {\n  statusCode: 200,\n  body: {\n    \"valid\": true\n  }\n}).as('pathUsers');\ncy.visit('/');\ncy.get('button.userPrincipalText').click();\ncy.contains('span', 'Criar conta').click();\ncy.url().should('contain', 'cadastro');\ncy.get('input[value=juridica]').check();\ncy.get('input#nome').type('Frederico Pizzaro');\ncy.get('input[name=cnpj]').clear().type('43256399000189');\ncy.get('input#email').type('fredericopizzaro7@gmail.com');\ncy.get('input[name=cellphone]').clear().type('9999555-5555');\ncy.get('input#password').type('882013Cm@');\ncy.get('input#password2').type('882013Cm@');\ncy.get('input#optIn').check();\ncy.get('div.btn-create-account').click();\ncy.contains('Continuar').should('be.visible');\ncy.get('input#code').type('99O6CE');\ncy.contains('button', 'Continuar').click();\ncy.contains('Cadastro').should('be.visible');",
              "err": {
                "message": "Error: The following error originated from your application code, not from Cypress.\n\n  > Script error.\n\nCypress detected that an uncaught error was thrown from a cross origin script.\n\nWe cannot provide you the stack trace, line number, or file where this error occurred.\n\nCheck your Developer Tools Console for the actual error - it should be printed there.\n\nIt's possible to enable debugging these scripts by adding the `crossorigin` attribute and setting a CORS header.\n\nWhen Cypress detects uncaught errors originating from your application it will automatically fail the current test.\n\nThis behavior is configurable, and you can choose to turn this off by listening to the `uncaught:exception` event.\n\nhttps://on.cypress.io/uncaught-exception-from-application\n\nhttps://on.cypress.io/cross-origin-script-error",
                "estack": "Error: The following error originated from your application code, not from Cypress.\n\n  > Script error.\n\nCypress detected that an uncaught error was thrown from a cross origin script.\n\nWe cannot provide you the stack trace, line number, or file where this error occurred.\n\nCheck your Developer Tools Console for the actual error - it should be printed there.\n\nIt's possible to enable debugging these scripts by adding the `crossorigin` attribute and setting a CORS header.\n\nWhen Cypress detects uncaught errors originating from your application it will automatically fail the current test.\n\nThis behavior is configurable, and you can choose to turn this off by listening to the `uncaught:exception` event.\n\nhttps://on.cypress.io/uncaught-exception-from-application\n\nhttps://on.cypress.io/cross-origin-script-error\n",
                "diff": null
              },
              "uuid": "a764066c-660d-4b19-9875-bd3eee355865",
              "parentUUID": "887df0a7-0b2b-48bd-a2b5-b5a09f6c9fd7",
              "isHook": false,
              "skipped": false
            },
            {
              "title": "Quando informar os dados com um usuário já existente, então o cadastro não deve ser concluído",
              "fullTitle": "Cadastro Quando informar os dados com um usuário já existente, então o cadastro não deve ser concluído",
              "timedOut": null,
              "duration": 12840,
              "state": "passed",
              "speed": "slow",
              "pass": true,
              "fail": false,
              "pending": false,
              "context": null,
              "code": "cy.intercept({\n  method: 'POST',\n  url: 'https://marketplace-api-develop.tendaatacado.com.br/api/public/client/v2/pre-registration'\n}, {\n  statusCode: 409,\n  fixture: 'cadastro-usuario-existente'\n}).as('preUsers');\ncy.visit('/');\ncy.get('button.userPrincipalText').click();\ncy.contains('span', 'Criar conta').click();\ncy.url().should('contain', 'cadastro');\ncy.get('input[value=juridica]').check();\ncy.get('input#nome').type('Frederico Pizzaro');\ncy.get('input[name=cnpj]').type('43256399000189');\ncy.get('input#email').type('fredericopizzaro7@gmail.com');\ncy.get('input[name=cellphone]').clear().type('9999555-5555');\ncy.get('input#password').type('882013Cm@');\ncy.get('input#password2').type('882013Cm@');\ncy.get('input#optIn').check();\ncy.get('div.btn-create-account').click();\ncy.contains('Recuperar senha').should('be.visible');",
              "err": {},
              "uuid": "fa18f653-9a81-4003-966a-dbfa9018baea",
              "parentUUID": "887df0a7-0b2b-48bd-a2b5-b5a09f6c9fd7",
              "isHook": false,
              "skipped": false
            }
          ],
          "suites": [],
          "passes": [
            "fa18f653-9a81-4003-966a-dbfa9018baea"
          ],
          "failures": [
            "a764066c-660d-4b19-9875-bd3eee355865"
          ],
          "pending": [],
          "skipped": [],
          "duration": 32437,
          "root": false,
          "rootEmpty": false,
          "_timeout": 2000
        }
      ],
      "passes": [],
      "failures": [],
      "pending": [],
      "skipped": [],
      "duration": 0,
      "root": true,
      "rootEmpty": true,
      "_timeout": 2000
    }
  ],
  "meta": {
    "mocha": {
      "version": "7.0.1"
    },
    "mochawesome": {
      "options": {
        "quiet": true,
        "reportFilename": "mochawesome",
        "saveHtml": true,
        "saveJson": true,
        "consoleReporter": "spec",
        "useInlineDiffs": false,
        "code": true
      },
      "version": "7.1.3"
    },
    "marge": {
      "options": {
        "id": "default",
        "reportDir": "mochawesome-report",
        "quiet": true,
        "overwrite": false,
        "hmtl": false,
        "json": true
      },
      "version": "6.2.0"
    }
  }
}